2018-07-12 01:13:30 - info: загружаем новую страницу 1
2018-07-12 01:13:31 - error: Unable to connect to the database: SequelizeConnectionError: too many connections for role "svfzwqcg"
    at connection.connect.err (/Users/macbook/Desktop/moiKrugParser/moiKrugParser/node_modules/sequelize/lib/dialects/postgres/connection-manager.js:128:24)
    at Connection.connectingErrorHandler (/Users/macbook/Desktop/moiKrugParser/moiKrugParser/node_modules/pg/lib/client.js:123:14)
    at emitOne (events.js:116:13)
    at Connection.emit (events.js:211:7)
    at Socket.<anonymous> (/Users/macbook/Desktop/moiKrugParser/moiKrugParser/node_modules/pg/lib/connection.js:123:12)
    at emitOne (events.js:116:13)
    at Socket.emit (events.js:211:7)
    at addChunk (_stream_readable.js:263:12)
    at readableAddChunk (_stream_readable.js:250:11)
    at Socket.Readable.push (_stream_readable.js:208:10)
    at TCP.onread (net.js:597:20)
2018-07-12 01:13:31 - info: Парсинг страницы прошел успешно
2018-07-12 01:13:34 - info: Парсинг страницы прошел успешно
2018-07-12 01:13:34 - info: вакансия 1000043617
2018-07-12 01:13:35 - info: Парсинг страницы прошел успешно
2018-07-12 01:13:35 - info: вакансия 1000043070
2018-07-12 01:13:36 - info: Парсинг страницы прошел успешно
2018-07-12 01:13:36 - info: вакансия 1000043855
2018-07-12 01:13:37 - info: Парсинг страницы прошел успешно
2018-07-12 01:13:37 - info: вакансия 1000043853
2018-07-12 01:13:39 - info: Парсинг страницы прошел успешно
2018-07-12 01:13:39 - info: вакансия 1000036029
2018-07-12 01:13:39 - info: Парсинг страницы прошел успешно
2018-07-12 01:13:39 - info: вакансия 1000043014
2018-07-12 01:13:40 - info: Парсинг страницы прошел успешно
2018-07-12 01:13:40 - info: вакансия 1000043015
2018-07-12 01:13:44 - info: Парсинг страницы прошел успешно
2018-07-12 01:13:44 - info: вакансия 1000042230
2018-07-12 01:13:45 - info: Парсинг страницы прошел успешно
2018-07-12 01:13:45 - info: вакансия 1000042231
2018-07-12 01:13:46 - info: Парсинг страницы прошел успешно
2018-07-12 01:13:46 - info: вакансия 1000042874
2018-07-12 01:13:49 - info: Парсинг страницы прошел успешно
2018-07-12 01:13:49 - info: вакансия 1000039113
2018-07-12 01:13:50 - info: Парсинг страницы прошел успешно
2018-07-12 01:13:50 - info: вакансия 1000043850
2018-07-12 01:13:51 - info: Парсинг страницы прошел успешно
2018-07-12 01:13:51 - info: вакансия 1000043849
2018-07-12 01:13:53 - info: Парсинг страницы прошел успешно
2018-07-12 01:13:53 - info: вакансия 1000043846
2018-07-12 01:13:54 - info: Парсинг страницы прошел успешно
2018-07-12 01:13:54 - info: вакансия 1000043847
2018-07-12 01:13:55 - info: Парсинг страницы прошел успешно
2018-07-12 01:13:55 - info: вакансия 1000043845
2018-07-12 01:13:56 - info: Парсинг страницы прошел успешно
2018-07-12 01:13:56 - info: вакансия 1000043844
2018-07-12 01:13:57 - info: Парсинг страницы прошел успешно
2018-07-12 01:13:57 - info: вакансия 1000043843
2018-07-12 01:13:59 - info: Парсинг страницы прошел успешно
2018-07-12 01:13:59 - info: вакансия 1000043842
2018-07-12 01:14:00 - info: Парсинг страницы прошел успешно
2018-07-12 01:14:00 - info: вакансия 1000043841
2018-07-12 01:14:00 - info: Парсинг страницы прошел успешно
2018-07-12 01:14:00 - info: вакансия 1000043802
2018-07-12 01:14:02 - info: Парсинг страницы прошел успешно
2018-07-12 01:14:02 - info: вакансия 1000043840
2018-07-12 01:14:03 - info: Парсинг страницы прошел успешно
2018-07-12 01:14:03 - info: вакансия 1000043662
2018-07-12 01:14:05 - info: Парсинг страницы прошел успешно
2018-07-12 01:14:05 - info: вакансия 1000043839
2018-07-12 01:14:06 - info: Парсинг страницы прошел успешно
2018-07-12 01:14:06 - info: вакансия 1000043838
2018-07-12 01:14:06 - info: загружаем новую страницу 2
2018-07-12 01:14:06 - info: Парсинг страницы прошел успешно
2018-07-12 01:14:07 - info: Парсинг страницы прошел успешно
2018-07-12 01:14:07 - info: вакансия 1000028311
2018-07-12 01:14:08 - info: Парсинг страницы прошел успешно
2018-07-12 01:14:08 - info: вакансия 1000043811
2018-07-12 01:14:09 - info: Парсинг страницы прошел успешно
2018-07-12 01:14:09 - info: вакансия 1000042834
2018-07-12 01:14:10 - info: Парсинг страницы прошел успешно
2018-07-12 01:14:10 - info: вакансия 1000043837
2018-07-12 01:14:11 - info: Парсинг страницы прошел успешно
2018-07-12 01:14:11 - info: вакансия 1000043790
2018-07-12 01:14:12 - info: Парсинг страницы прошел успешно
2018-07-12 01:14:12 - info: вакансия 1000043836
2018-07-12 01:14:12 - info: Парсинг страницы прошел успешно
2018-07-12 01:14:12 - info: вакансия 1000043834
2018-07-12 01:14:13 - info: Парсинг страницы прошел успешно
2018-07-12 01:14:13 - info: вакансия 1000043835
2018-07-12 01:14:14 - info: Парсинг страницы прошел успешно
2018-07-12 01:14:14 - info: вакансия 1000043832
2018-07-12 01:14:15 - info: Парсинг страницы прошел успешно
2018-07-12 01:14:15 - info: вакансия 1000037601
2018-07-12 01:14:16 - info: Парсинг страницы прошел успешно
2018-07-12 01:14:16 - info: вакансия 1000037604
2018-07-12 01:14:17 - info: Парсинг страницы прошел успешно
2018-07-12 01:14:17 - info: вакансия 1000043833
2018-07-12 01:14:17 - info: Парсинг страницы прошел успешно
2018-07-12 01:14:17 - info: вакансия 1000043427
2018-07-12 01:14:18 - info: Парсинг страницы прошел успешно
2018-07-12 01:14:18 - info: вакансия 1000042947
2018-07-12 01:14:19 - info: Парсинг страницы прошел успешно
2018-07-12 01:14:19 - info: вакансия 1000035114
2018-07-12 01:14:20 - info: Парсинг страницы прошел успешно
2018-07-12 01:14:20 - info: вакансия 1000030984
2018-07-12 01:14:21 - info: Парсинг страницы прошел успешно
2018-07-12 01:14:21 - info: вакансия 1000042612
2018-07-12 01:14:22 - info: Парсинг страницы прошел успешно
2018-07-12 01:14:22 - info: вакансия 1000030880
2018-07-12 01:14:23 - info: Парсинг страницы прошел успешно
2018-07-12 01:14:23 - info: вакансия 1000037175
2018-07-12 01:14:23 - info: Парсинг страницы прошел успешно
2018-07-12 01:14:23 - info: вакансия 1000038997
2018-07-12 01:14:24 - info: Парсинг страницы прошел успешно
2018-07-12 01:14:24 - info: вакансия 1000037157
2018-07-12 01:14:25 - info: Парсинг страницы прошел успешно
2018-07-12 01:14:25 - info: вакансия 1000043270
2018-07-12 01:14:26 - info: Парсинг страницы прошел успешно
2018-07-12 01:14:26 - info: вакансия 1000034761
2018-07-12 01:14:27 - info: Парсинг страницы прошел успешно
2018-07-12 01:14:27 - info: вакансия 1000043361
2018-07-12 01:14:28 - info: Парсинг страницы прошел успешно
2018-07-12 01:14:28 - info: вакансия 1000043830
2018-07-12 01:14:28 - info: загружаем новую страницу 3
2018-07-12 01:14:29 - info: Парсинг страницы прошел успешно
2018-07-12 01:14:29 - info: Парсинг страницы прошел успешно
2018-07-12 01:14:29 - info: вакансия 1000043829
2018-07-12 01:14:30 - info: Парсинг страницы прошел успешно
2018-07-12 01:14:30 - info: вакансия 1000043828
2018-07-12 01:14:31 - info: Парсинг страницы прошел успешно
2018-07-12 01:14:31 - info: вакансия 1000043827
2018-07-12 01:14:32 - info: Парсинг страницы прошел успешно
2018-07-12 01:14:32 - info: вакансия 1000043826
2018-07-12 01:14:33 - info: Парсинг страницы прошел успешно
2018-07-12 01:14:33 - info: вакансия 1000043824
