{"name":"moiKrugParser","hostname":"MacBook-Pro-MacBook.local","pid":30761,"level":50,"msg":"произошла ошибка № 2\n описание ошибки: Ошибка в парсинге страницы\n оригинальный текст ошибки:\n {\n    \"message\": \"ошибка-ошибка\",\n    \"name\": \"SyntaxError\",\n    \"stack\": \"SyntaxError: ошибка-ошибка\\n    at Parser.parsePages (/Users/macbook/Desktop/moiKrugParser/moiKrugParser/src/classes/Parser.js:36:19)\\n    at <anonymous>\\n    at process._tickCallback (internal/process/next_tick.js:188:7)\"\n}","time":"2018-07-05T22:35:28.076Z","v":0}
2018-07-08 21:35:52 [31merror[39m: [31mпроизошла ошибка № 2[39m
[31m описание ошибки: Ошибка в парсинге страницы[39m
[31m оригинальный текст ошибки:[39m
[31m {[39m
[31m    "message": "db is not defined",[39m
[31m    "name": "ReferenceError",[39m
[31m    "stack": "ReferenceError: db is not defined\n    at Vacancy.saveItems (/Users/macbook/Desktop/moiKrugParser/moiKrugParser/src/classes/models/Vacancy.js:28:9)\n    at Parser.parsePages (/Users/macbook/Desktop/moiKrugParser/moiKrugParser/src/classes/Parser.js:28:23)\n    at <anonymous>\n    at process._tickCallback (internal/process/next_tick.js:188:7)"[39m
[31m}[39m
2018-07-08 21:48:52 [31merror[39m: [31mпроизошла ошибка № 6[39m
[31m описание ошибки: Ошибка в сохранении конкретного файла 0[39m
[31m оригинальный текст ошибки:[39m
[31m {[39m
[31m    "message": "this.model is not a constructor",[39m
[31m    "name": "TypeError",[39m
[31m    "stack": "TypeError: this.model is not a constructor\n    at Promise (/Users/macbook/Desktop/moiKrugParser/moiKrugParser/src/classes/models/Vacancy.js:18:27)\n    at new Promise (<anonymous>)\n    at Function.save (/Users/macbook/Desktop/moiKrugParser/moiKrugParser/src/classes/models/Vacancy.js:17:16)\n    at Vacancy.saveItems (/Users/macbook/Desktop/moiKrugParser/moiKrugParser/src/classes/models/Vacancy.js:40:35)\n    at Parser.parsePages (/Users/macbook/Desktop/moiKrugParser/moiKrugParser/src/classes/Parser.js:28:23)\n    at <anonymous>\n    at process._tickCallback (internal/process/next_tick.js:188:7)"[39m
[31m}[39m
2018-07-08 21:48:52 [31merror[39m: [31mпроизошла ошибка № 6[39m
[31m описание ошибки: Ошибка в сохранении конкретного файла 1[39m
[31m оригинальный текст ошибки:[39m
[31m {[39m
[31m    "message": "this.model is not a constructor",[39m
[31m    "name": "TypeError",[39m
[31m    "stack": "TypeError: this.model is not a constructor\n    at Promise (/Users/macbook/Desktop/moiKrugParser/moiKrugParser/src/classes/models/Vacancy.js:18:27)\n    at new Promise (<anonymous>)\n    at Function.save (/Users/macbook/Desktop/moiKrugParser/moiKrugParser/src/classes/models/Vacancy.js:17:16)\n    at Vacancy.saveItems (/Users/macbook/Desktop/moiKrugParser/moiKrugParser/src/classes/models/Vacancy.js:40:35)\n    at <anonymous>\n    at process._tickCallback (internal/process/next_tick.js:188:7)"[39m
[31m}[39m
2018-07-08 21:48:52 [31merror[39m: [31mпроизошла ошибка № 6[39m
[31m описание ошибки: Ошибка в сохранении конкретного файла 2[39m
[31m оригинальный текст ошибки:[39m
[31m {[39m
[31m    "message": "this.model is not a constructor",[39m
[31m    "name": "TypeError",[39m
[31m    "stack": "TypeError: this.model is not a constructor\n    at Promise (/Users/macbook/Desktop/moiKrugParser/moiKrugParser/src/classes/models/Vacancy.js:18:27)\n    at new Promise (<anonymous>)\n    at Function.save (/Users/macbook/Desktop/moiKrugParser/moiKrugParser/src/classes/models/Vacancy.js:17:16)\n    at Vacancy.saveItems (/Users/macbook/Desktop/moiKrugParser/moiKrugParser/src/classes/models/Vacancy.js:40:35)\n    at <anonymous>\n    at process._tickCallback (internal/process/next_tick.js:188:7)"[39m
[31m}[39m
2018-07-08 21:48:52 [31merror[39m: [31mпроизошла ошибка № 6[39m
[31m описание ошибки: Ошибка в сохранении конкретного файла 3[39m
[31m оригинальный текст ошибки:[39m
[31m {[39m
[31m    "message": "this.model is not a constructor",[39m
[31m    "name": "TypeError",[39m
[31m    "stack": "TypeError: this.model is not a constructor\n    at Promise (/Users/macbook/Desktop/moiKrugParser/moiKrugParser/src/classes/models/Vacancy.js:18:27)\n    at new Promise (<anonymous>)\n    at Function.save (/Users/macbook/Desktop/moiKrugParser/moiKrugParser/src/classes/models/Vacancy.js:17:16)\n    at Vacancy.saveItems (/Users/macbook/Desktop/moiKrugParser/moiKrugParser/src/classes/models/Vacancy.js:40:35)\n    at <anonymous>\n    at process._tickCallback (internal/process/next_tick.js:188:7)"[39m
[31m}[39m
2018-07-08 21:48:52 [31merror[39m: [31mпроизошла ошибка № 6[39m
[31m описание ошибки: Ошибка в сохранении конкретного файла 4[39m
[31m оригинальный текст ошибки:[39m
[31m {[39m
[31m    "message": "this.model is not a constructor",[39m
[31m    "name": "TypeError",[39m
[31m    "stack": "TypeError: this.model is not a constructor\n    at Promise (/Users/macbook/Desktop/moiKrugParser/moiKrugParser/src/classes/models/Vacancy.js:18:27)\n    at new Promise (<anonymous>)\n    at Function.save (/Users/macbook/Desktop/moiKrugParser/moiKrugParser/src/classes/models/Vacancy.js:17:16)\n    at Vacancy.saveItems (/Users/macbook/Desktop/moiKrugParser/moiKrugParser/src/classes/models/Vacancy.js:40:35)\n    at <anonymous>\n    at process._tickCallback (internal/process/next_tick.js:188:7)"[39m
[31m}[39m
2018-07-08 21:48:52 [31merror[39m: [31mпроизошла ошибка № 6[39m
[31m описание ошибки: Ошибка в сохранении конкретного файла 5[39m
[31m оригинальный текст ошибки:[39m
[31m {[39m
[31m    "message": "this.model is not a constructor",[39m
[31m    "name": "TypeError",[39m
[31m    "stack": "TypeError: this.model is not a constructor\n    at Promise (/Users/macbook/Desktop/moiKrugParser/moiKrugParser/src/classes/models/Vacancy.js:18:27)\n    at new Promise (<anonymous>)\n    at Function.save (/Users/macbook/Desktop/moiKrugParser/moiKrugParser/src/classes/models/Vacancy.js:17:16)\n    at Vacancy.saveItems (/Users/macbook/Desktop/moiKrugParser/moiKrugParser/src/classes/models/Vacancy.js:40:35)\n    at <anonymous>\n    at process._tickCallback (internal/process/next_tick.js:188:7)"[39m
[31m}[39m
2018-07-08 21:48:52 [31merror[39m: [31mпроизошла ошибка № 6[39m
[31m описание ошибки: Ошибка в сохранении конкретного файла 6[39m
[31m оригинальный текст ошибки:[39m
[31m {[39m
[31m    "message": "this.model is not a constructor",[39m
[31m    "name": "TypeError",[39m
[31m    "stack": "TypeError: this.model is not a constructor\n    at Promise (/Users/macbook/Desktop/moiKrugParser/moiKrugParser/src/classes/models/Vacancy.js:18:27)\n    at new Promise (<anonymous>)\n    at Function.save (/Users/macbook/Desktop/moiKrugParser/moiKrugParser/src/classes/models/Vacancy.js:17:16)\n    at Vacancy.saveItems (/Users/macbook/Desktop/moiKrugParser/moiKrugParser/src/classes/models/Vacancy.js:40:35)\n    at <anonymous>\n    at process._tickCallback (internal/process/next_tick.js:188:7)"[39m
[31m}[39m
2018-07-08 21:48:52 [31merror[39m: [31mпроизошла ошибка № 6[39m
[31m описание ошибки: Ошибка в сохранении конкретного файла 7[39m
[31m оригинальный текст ошибки:[39m
[31m {[39m
[31m    "message": "this.model is not a constructor",[39m
[31m    "name": "TypeError",[39m
[31m    "stack": "TypeError: this.model is not a constructor\n    at Promise (/Users/macbook/Desktop/moiKrugParser/moiKrugParser/src/classes/models/Vacancy.js:18:27)\n    at new Promise (<anonymous>)\n    at Function.save (/Users/macbook/Desktop/moiKrugParser/moiKrugParser/src/classes/models/Vacancy.js:17:16)\n    at Vacancy.saveItems (/Users/macbook/Desktop/moiKrugParser/moiKrugParser/src/classes/models/Vacancy.js:40:35)\n    at <anonymous>\n    at process._tickCallback (internal/process/next_tick.js:188:7)"[39m
[31m}[39m
2018-07-08 21:48:52 [31merror[39m: [31mпроизошла ошибка № 6[39m
[31m описание ошибки: Ошибка в сохранении конкретного файла 8[39m
[31m оригинальный текст ошибки:[39m
[31m {[39m
[31m    "message": "this.model is not a constructor",[39m
[31m    "name": "TypeError",[39m
[31m    "stack": "TypeError: this.model is not a constructor\n    at Promise (/Users/macbook/Desktop/moiKrugParser/moiKrugParser/src/classes/models/Vacancy.js:18:27)\n    at new Promise (<anonymous>)\n    at Function.save (/Users/macbook/Desktop/moiKrugParser/moiKrugParser/src/classes/models/Vacancy.js:17:16)\n    at Vacancy.saveItems (/Users/macbook/Desktop/moiKrugParser/moiKrugParser/src/classes/models/Vacancy.js:40:35)\n    at <anonymous>\n    at process._tickCallback (internal/process/next_tick.js:188:7)"[39m
[31m}[39m
2018-07-08 21:48:52 [31merror[39m: [31mпроизошла ошибка № 6[39m
[31m описание ошибки: Ошибка в сохранении конкретного файла 9[39m
[31m оригинальный текст ошибки:[39m
[31m {[39m
[31m    "message": "this.model is not a constructor",[39m
[31m    "name": "TypeError",[39m
[31m    "stack": "TypeError: this.model is not a constructor\n    at Promise (/Users/macbook/Desktop/moiKrugParser/moiKrugParser/src/classes/models/Vacancy.js:18:27)\n    at new Promise (<anonymous>)\n    at Function.save (/Users/macbook/Desktop/moiKrugParser/moiKrugParser/src/classes/models/Vacancy.js:17:16)\n    at Vacancy.saveItems (/Users/macbook/Desktop/moiKrugParser/moiKrugParser/src/classes/models/Vacancy.js:40:35)\n    at <anonymous>\n    at process._tickCallback (internal/process/next_tick.js:188:7)"[39m
[31m}[39m
2018-07-08 21:48:52 [31merror[39m: [31mпроизошла ошибка № 6[39m
[31m описание ошибки: Ошибка в сохранении конкретного файла 10[39m
[31m оригинальный текст ошибки:[39m
[31m {[39m
[31m    "message": "this.model is not a constructor",[39m
[31m    "name": "TypeError",[39m
[31m    "stack": "TypeError: this.model is not a constructor\n    at Promise (/Users/macbook/Desktop/moiKrugParser/moiKrugParser/src/classes/models/Vacancy.js:18:27)\n    at new Promise (<anonymous>)\n    at Function.save (/Users/macbook/Desktop/moiKrugParser/moiKrugParser/src/classes/models/Vacancy.js:17:16)\n    at Vacancy.saveItems (/Users/macbook/Desktop/moiKrugParser/moiKrugParser/src/classes/models/Vacancy.js:40:35)\n    at <anonymous>\n    at process._tickCallback (internal/process/next_tick.js:188:7)"[39m
[31m}[39m
2018-07-08 21:48:52 [31merror[39m: [31mпроизошла ошибка № 6[39m
[31m описание ошибки: Ошибка в сохранении конкретного файла 11[39m
[31m оригинальный текст ошибки:[39m
[31m {[39m
[31m    "message": "this.model is not a constructor",[39m
[31m    "name": "TypeError",[39m
[31m    "stack": "TypeError: this.model is not a constructor\n    at Promise (/Users/macbook/Desktop/moiKrugParser/moiKrugParser/src/classes/models/Vacancy.js:18:27)\n    at new Promise (<anonymous>)\n    at Function.save (/Users/macbook/Desktop/moiKrugParser/moiKrugParser/src/classes/models/Vacancy.js:17:16)\n    at Vacancy.saveItems (/Users/macbook/Desktop/moiKrugParser/moiKrugParser/src/classes/models/Vacancy.js:40:35)\n    at <anonymous>\n    at process._tickCallback (internal/process/next_tick.js:188:7)"[39m
[31m}[39m
2018-07-08 21:48:52 [31merror[39m: [31mпроизошла ошибка № 6[39m
[31m описание ошибки: Ошибка в сохранении конкретного файла 12[39m
[31m оригинальный текст ошибки:[39m
[31m {[39m
[31m    "message": "this.model is not a constructor",[39m
[31m    "name": "TypeError",[39m
[31m    "stack": "TypeError: this.model is not a constructor\n    at Promise (/Users/macbook/Desktop/moiKrugParser/moiKrugParser/src/classes/models/Vacancy.js:18:27)\n    at new Promise (<anonymous>)\n    at Function.save (/Users/macbook/Desktop/moiKrugParser/moiKrugParser/src/classes/models/Vacancy.js:17:16)\n    at Vacancy.saveItems (/Users/macbook/Desktop/moiKrugParser/moiKrugParser/src/classes/models/Vacancy.js:40:35)\n    at <anonymous>\n    at process._tickCallback (internal/process/next_tick.js:188:7)"[39m
[31m}[39m
2018-07-08 21:48:52 [31merror[39m: [31mпроизошла ошибка № 6[39m
[31m описание ошибки: Ошибка в сохранении конкретного файла 13[39m
[31m оригинальный текст ошибки:[39m
[31m {[39m
[31m    "message": "this.model is not a constructor",[39m
[31m    "name": "TypeError",[39m
[31m    "stack": "TypeError: this.model is not a constructor\n    at Promise (/Users/macbook/Desktop/moiKrugParser/moiKrugParser/src/classes/models/Vacancy.js:18:27)\n    at new Promise (<anonymous>)\n    at Function.save (/Users/macbook/Desktop/moiKrugParser/moiKrugParser/src/classes/models/Vacancy.js:17:16)\n    at Vacancy.saveItems (/Users/macbook/Desktop/moiKrugParser/moiKrugParser/src/classes/models/Vacancy.js:40:35)\n    at <anonymous>\n    at process._tickCallback (internal/process/next_tick.js:188:7)"[39m
[31m}[39m
2018-07-08 21:48:52 [31merror[39m: [31mпроизошла ошибка № 6[39m
[31m описание ошибки: Ошибка в сохранении конкретного файла 14[39m
[31m оригинальный текст ошибки:[39m
[31m {[39m
[31m    "message": "this.model is not a constructor",[39m
[31m    "name": "TypeError",[39m
[31m    "stack": "TypeError: this.model is not a constructor\n    at Promise (/Users/macbook/Desktop/moiKrugParser/moiKrugParser/src/classes/models/Vacancy.js:18:27)\n    at new Promise (<anonymous>)\n    at Function.save (/Users/macbook/Desktop/moiKrugParser/moiKrugParser/src/classes/models/Vacancy.js:17:16)\n    at Vacancy.saveItems (/Users/macbook/Desktop/moiKrugParser/moiKrugParser/src/classes/models/Vacancy.js:40:35)\n    at <anonymous>\n    at process._tickCallback (internal/process/next_tick.js:188:7)"[39m
[31m}[39m
2018-07-08 21:48:52 [31merror[39m: [31mпроизошла ошибка № 6[39m
[31m описание ошибки: Ошибка в сохранении конкретного файла 15[39m
[31m оригинальный текст ошибки:[39m
[31m {[39m
[31m    "message": "this.model is not a constructor",[39m
[31m    "name": "TypeError",[39m
[31m    "stack": "TypeError: this.model is not a constructor\n    at Promise (/Users/macbook/Desktop/moiKrugParser/moiKrugParser/src/classes/models/Vacancy.js:18:27)\n    at new Promise (<anonymous>)\n    at Function.save (/Users/macbook/Desktop/moiKrugParser/moiKrugParser/src/classes/models/Vacancy.js:17:16)\n    at Vacancy.saveItems (/Users/macbook/Desktop/moiKrugParser/moiKrugParser/src/classes/models/Vacancy.js:40:35)\n    at <anonymous>\n    at process._tickCallback (internal/process/next_tick.js:188:7)"[39m
[31m}[39m
2018-07-08 21:48:52 [31merror[39m: [31mпроизошла ошибка № 6[39m
[31m описание ошибки: Ошибка в сохранении конкретного файла 16[39m
[31m оригинальный текст ошибки:[39m
[31m {[39m
[31m    "message": "this.model is not a constructor",[39m
[31m    "name": "TypeError",[39m
[31m    "stack": "TypeError: this.model is not a constructor\n    at Promise (/Users/macbook/Desktop/moiKrugParser/moiKrugParser/src/classes/models/Vacancy.js:18:27)\n    at new Promise (<anonymous>)\n    at Function.save (/Users/macbook/Desktop/moiKrugParser/moiKrugParser/src/classes/models/Vacancy.js:17:16)\n    at Vacancy.saveItems (/Users/macbook/Desktop/moiKrugParser/moiKrugParser/src/classes/models/Vacancy.js:40:35)\n    at <anonymous>\n    at process._tickCallback (internal/process/next_tick.js:188:7)"[39m
[31m}[39m
2018-07-08 21:48:52 [31merror[39m: [31mпроизошла ошибка № 6[39m
[31m описание ошибки: Ошибка в сохранении конкретного файла 17[39m
[31m оригинальный текст ошибки:[39m
[31m {[39m
[31m    "message": "this.model is not a constructor",[39m
[31m    "name": "TypeError",[39m
[31m    "stack": "TypeError: this.model is not a constructor\n    at Promise (/Users/macbook/Desktop/moiKrugParser/moiKrugParser/src/classes/models/Vacancy.js:18:27)\n    at new Promise (<anonymous>)\n    at Function.save (/Users/macbook/Desktop/moiKrugParser/moiKrugParser/src/classes/models/Vacancy.js:17:16)\n    at Vacancy.saveItems (/Users/macbook/Desktop/moiKrugParser/moiKrugParser/src/classes/models/Vacancy.js:40:35)\n    at <anonymous>\n    at process._tickCallback (internal/process/next_tick.js:188:7)"[39m
[31m}[39m
2018-07-08 21:48:52 [31merror[39m: [31mпроизошла ошибка № 6[39m
[31m описание ошибки: Ошибка в сохранении конкретного файла 18[39m
[31m оригинальный текст ошибки:[39m
[31m {[39m
[31m    "message": "this.model is not a constructor",[39m
[31m    "name": "TypeError",[39m
[31m    "stack": "TypeError: this.model is not a constructor\n    at Promise (/Users/macbook/Desktop/moiKrugParser/moiKrugParser/src/classes/models/Vacancy.js:18:27)\n    at new Promise (<anonymous>)\n    at Function.save (/Users/macbook/Desktop/moiKrugParser/moiKrugParser/src/classes/models/Vacancy.js:17:16)\n    at Vacancy.saveItems (/Users/macbook/Desktop/moiKrugParser/moiKrugParser/src/classes/models/Vacancy.js:40:35)\n    at <anonymous>\n    at process._tickCallback (internal/process/next_tick.js:188:7)"[39m
[31m}[39m
2018-07-08 21:48:52 [31merror[39m: [31mпроизошла ошибка № 6[39m
[31m описание ошибки: Ошибка в сохранении конкретного файла 19[39m
[31m оригинальный текст ошибки:[39m
[31m {[39m
[31m    "message": "this.model is not a constructor",[39m
[31m    "name": "TypeError",[39m
[31m    "stack": "TypeError: this.model is not a constructor\n    at Promise (/Users/macbook/Desktop/moiKrugParser/moiKrugParser/src/classes/models/Vacancy.js:18:27)\n    at new Promise (<anonymous>)\n    at Function.save (/Users/macbook/Desktop/moiKrugParser/moiKrugParser/src/classes/models/Vacancy.js:17:16)\n    at Vacancy.saveItems (/Users/macbook/Desktop/moiKrugParser/moiKrugParser/src/classes/models/Vacancy.js:40:35)\n    at <anonymous>\n    at process._tickCallback (internal/process/next_tick.js:188:7)"[39m
[31m}[39m
2018-07-08 21:48:52 [31merror[39m: [31mпроизошла ошибка № 6[39m
[31m описание ошибки: Ошибка в сохранении конкретного файла 20[39m
[31m оригинальный текст ошибки:[39m
[31m {[39m
[31m    "message": "this.model is not a constructor",[39m
[31m    "name": "TypeError",[39m
[31m    "stack": "TypeError: this.model is not a constructor\n    at Promise (/Users/macbook/Desktop/moiKrugParser/moiKrugParser/src/classes/models/Vacancy.js:18:27)\n    at new Promise (<anonymous>)\n    at Function.save (/Users/macbook/Desktop/moiKrugParser/moiKrugParser/src/classes/models/Vacancy.js:17:16)\n    at Vacancy.saveItems (/Users/macbook/Desktop/moiKrugParser/moiKrugParser/src/classes/models/Vacancy.js:40:35)\n    at <anonymous>\n    at process._tickCallback (internal/process/next_tick.js:188:7)"[39m
[31m}[39m
2018-07-08 21:48:52 [31merror[39m: [31mпроизошла ошибка № 6[39m
[31m описание ошибки: Ошибка в сохранении конкретного файла 21[39m
[31m оригинальный текст ошибки:[39m
[31m {[39m
[31m    "message": "this.model is not a constructor",[39m
[31m    "name": "TypeError",[39m
[31m    "stack": "TypeError: this.model is not a constructor\n    at Promise (/Users/macbook/Desktop/moiKrugParser/moiKrugParser/src/classes/models/Vacancy.js:18:27)\n    at new Promise (<anonymous>)\n    at Function.save (/Users/macbook/Desktop/moiKrugParser/moiKrugParser/src/classes/models/Vacancy.js:17:16)\n    at Vacancy.saveItems (/Users/macbook/Desktop/moiKrugParser/moiKrugParser/src/classes/models/Vacancy.js:40:35)\n    at <anonymous>\n    at process._tickCallback (internal/process/next_tick.js:188:7)"[39m
[31m}[39m
2018-07-08 21:48:52 [31merror[39m: [31mпроизошла ошибка № 6[39m
[31m описание ошибки: Ошибка в сохранении конкретного файла 22[39m
[31m оригинальный текст ошибки:[39m
[31m {[39m
[31m    "message": "this.model is not a constructor",[39m
[31m    "name": "TypeError",[39m
[31m    "stack": "TypeError: this.model is not a constructor\n    at Promise (/Users/macbook/Desktop/moiKrugParser/moiKrugParser/src/classes/models/Vacancy.js:18:27)\n    at new Promise (<anonymous>)\n    at Function.save (/Users/macbook/Desktop/moiKrugParser/moiKrugParser/src/classes/models/Vacancy.js:17:16)\n    at Vacancy.saveItems (/Users/macbook/Desktop/moiKrugParser/moiKrugParser/src/classes/models/Vacancy.js:40:35)\n    at <anonymous>\n    at process._tickCallback (internal/process/next_tick.js:188:7)"[39m
[31m}[39m
2018-07-08 21:48:52 [31merror[39m: [31mпроизошла ошибка № 6[39m
[31m описание ошибки: Ошибка в сохранении конкретного файла 23[39m
[31m оригинальный текст ошибки:[39m
[31m {[39m
[31m    "message": "this.model is not a constructor",[39m
[31m    "name": "TypeError",[39m
[31m    "stack": "TypeError: this.model is not a constructor\n    at Promise (/Users/macbook/Desktop/moiKrugParser/moiKrugParser/src/classes/models/Vacancy.js:18:27)\n    at new Promise (<anonymous>)\n    at Function.save (/Users/macbook/Desktop/moiKrugParser/moiKrugParser/src/classes/models/Vacancy.js:17:16)\n    at Vacancy.saveItems (/Users/macbook/Desktop/moiKrugParser/moiKrugParser/src/classes/models/Vacancy.js:40:35)\n    at <anonymous>\n    at process._tickCallback (internal/process/next_tick.js:188:7)"[39m
[31m}[39m
2018-07-08 21:48:52 [31merror[39m: [31mпроизошла ошибка № 6[39m
[31m описание ошибки: Ошибка в сохранении конкретного файла 24[39m
[31m оригинальный текст ошибки:[39m
[31m {[39m
[31m    "message": "this.model is not a constructor",[39m
[31m    "name": "TypeError",[39m
[31m    "stack": "TypeError: this.model is not a constructor\n    at Promise (/Users/macbook/Desktop/moiKrugParser/moiKrugParser/src/classes/models/Vacancy.js:18:27)\n    at new Promise (<anonymous>)\n    at Function.save (/Users/macbook/Desktop/moiKrugParser/moiKrugParser/src/classes/models/Vacancy.js:17:16)\n    at Vacancy.saveItems (/Users/macbook/Desktop/moiKrugParser/moiKrugParser/src/classes/models/Vacancy.js:40:35)\n    at <anonymous>\n    at process._tickCallback (internal/process/next_tick.js:188:7)"[39m
[31m}[39m
